{
  "RSpec": {
    "coverage": {
      "/Users/abrilvela/Ruby Projects/MastermindGame/lib/Game.rb": [
        1,
        1,
        1,
        1,
        1,
        null,
        1,
        1,
        1,
        null,
        1,
        7,
        7,
        7,
        7,
        7,
        7,
        7,
        null,
        null,
        1,
        7,
        null,
        null,
        1,
        7,
        7,
        56,
        56,
        56,
        56,
        56,
        56,
        56,
        56,
        null,
        7,
        7,
        7,
        null,
        null,
        1,
        7,
        null,
        null,
        1,
        59,
        null,
        null,
        1,
        59,
        null,
        null,
        1,
        59,
        3,
        3,
        3,
        3,
        null,
        null,
        null,
        1,
        56,
        null,
        null,
        1,
        56,
        50,
        50,
        null,
        50,
        50,
        null,
        null,
        null,
        1,
        56,
        6,
        6,
        null,
        null,
        null,
        1,
        7,
        1,
        1,
        6,
        0,
        null,
        null,
        null,
        1,
        7,
        7,
        null,
        null,
        1,
        7,
        0,
        0,
        null,
        7,
        null,
        null,
        null
      ],
      "/Users/abrilvela/Ruby Projects/MastermindGame/lib/feedback.rb": [
        1,
        null,
        1,
        55,
        55,
        55,
        220,
        49,
        null,
        220,
        null,
        55,
        null,
        null,
        1,
        55,
        55,
        55,
        220,
        174,
        54,
        270,
        null,
        null,
        220,
        null,
        55,
        null,
        null,
        1,
        127,
        102,
        null,
        25,
        null,
        null,
        null,
        null,
        null,
        null
      ],
      "/Users/abrilvela/Ruby Projects/MastermindGame/lib/IO.rb": [
        1,
        1,
        19,
        null,
        null,
        1,
        8,
        null,
        null,
        1,
        60,
        null,
        null,
        1,
        60,
        null,
        null,
        1,
        7,
        null,
        null,
        1,
        57,
        null,
        null,
        1,
        51,
        null,
        null,
        1,
        51,
        null,
        null,
        1,
        4,
        null,
        null,
        1,
        7,
        null,
        null,
        1,
        2,
        null,
        null,
        1,
        2,
        null,
        null,
        1,
        8,
        null,
        null,
        1,
        8,
        null,
        null
      ],
      "/Users/abrilvela/Ruby Projects/MastermindGame/lib/ConsoleUserInput.rb": [
        1,
        null,
        1,
        0,
        null,
        null,
        1,
        0,
        null,
        null,
        null
      ],
      "/Users/abrilvela/Ruby Projects/MastermindGame/lib/MockUserInput.rb": [
        1,
        1,
        null,
        1,
        19,
        19,
        null,
        null,
        1,
        67,
        null,
        null,
        1,
        258,
        null,
        null,
        null,
        null,
        null
      ],
      "/Users/abrilvela/Ruby Projects/MastermindGame/lib/secretcode.rb": [
        1,
        1,
        7,
        null,
        null,
        1,
        7,
        null,
        null
      ],
      "/Users/abrilvela/Ruby Projects/MastermindGame/lib/mocksecretcode.rb": [
        1,
        1,
        7,
        7,
        null,
        null
      ],
      "/Users/abrilvela/Ruby Projects/MastermindGame/spec/IO_spec.rb": [
        1,
        1,
        1,
        1,
        1,
        null,
        1,
        1,
        null,
        1,
        1,
        12,
        12,
        null,
        null,
        1,
        1,
        1,
        null,
        null,
        1,
        1,
        1,
        null,
        null,
        1,
        1,
        null,
        null,
        1,
        1,
        1,
        null,
        null,
        1,
        1,
        1,
        null,
        null,
        1,
        1,
        1,
        null,
        null,
        1,
        1,
        1,
        null,
        null,
        1,
        1,
        1,
        null,
        null,
        1,
        1,
        1,
        null,
        null,
        1,
        1,
        1,
        null,
        null,
        1,
        1,
        1,
        null,
        null,
        1,
        1,
        1,
        null,
        null
      ],
      "/Users/abrilvela/Ruby Projects/MastermindGame/spec/feedback_spec.rb": [
        1,
        1,
        1,
        1,
        1,
        null,
        1,
        null,
        1,
        1,
        9,
        9,
        null,
        null,
        1,
        1,
        null,
        null,
        1,
        1,
        null,
        null,
        1,
        1,
        null,
        null,
        1,
        1,
        null,
        null,
        null,
        1,
        1,
        1,
        null,
        null,
        1,
        1,
        1,
        null,
        null,
        1,
        1,
        1,
        null,
        null,
        1,
        1,
        null,
        null,
        1,
        1,
        null,
        null
      ]
    },
    "timestamp": 1376010176
  }
}
